<?xml version="1.0" encoding="UTF-8"?>
<testsuite name="org.example.junit.PessoaTeste" tests="1" skipped="0" failures="0" errors="0" timestamp="2023-05-10T20:27:00" hostname="DESKTOP-V5GRSLA" time="0.016">
  <properties/>
  <testcase name="validarCalculoIdade()" classname="org.example.junit.PessoaTeste" time="0.016"/>
  <system-out><![CDATA[]]></system-out>
  <system-err><![CDATA[]]></system-err>
</testsuite>
